<?xml version="1.0" encoding="UTF-8"?>
<!-- Generated by org.testng.reporters.JUnitReportReporter -->
<testsuite skipped="1" hostname="reddy-PC" name="com.tis.Test2" tests="18" failures="0" timestamp="05 Apr 2022 00:52:39 GMT" time="0.075" errors="0">
  <testcase name="testcase1" time="0.002" classname="com.tis.Test2"/>
  <testcase name="APIStudentLogin" time="0.002" classname="com.tis.Test2"/>
  <testcase name="c_language" time="0.003" classname="com.tis.Test2"/>
  <testcase name="mango" time="0.002" classname="com.tis.Test2"/>
  <testcase name="testc1" time="0.002" classname="com.tis.Test2"/>
  <testcase name="testcase3" time="0.002" classname="com.tis.Test2"/>
  <testcase name="technip" time="0.003" classname="com.tis.Test2"/>
  <testcase name="wipro" time="0.002" classname="com.tis.Test2"/>
  <testcase name="testcase6" time="0.005" classname="com.tis.Test2"/>
  <testcase name="java" time="0.002" classname="com.tis.Test2"/>
  <testcase name="testc" time="0.002" classname="com.tis.Test2"/>
  <testcase name="infosys" time="0.003" classname="com.tis.Test2"/>
  <testcase name="MobileStudentLogin" time="0.036" classname="com.tis.Test2"/>
  <testcase name="WebStudentLogin" time="0.003" classname="com.tis.Test2"/>
  <testcase name="testcase2" time="0.002" classname="com.tis.Test2"/>
  <testcase name="watermelon" time="0.002" classname="com.tis.Test2"/>
  <testcase name="apple" time="0.002" classname="com.tis.Test2"/>
  <testcase name="jira" classname="com.tis.Test2">
    <skipped/>
  </testcase> <!-- jira -->
</testsuite> <!-- com.tis.Test2 -->
