<?xml version="1.0" encoding="UTF-8"?>
<!-- Generated by org.testng.reporters.JUnitReportReporter -->
<testsuite skipped="0" hostname="reddy-PC" name="com.tis.Test1" tests="2" failures="0" timestamp="04 Apr 2022 05:41:06 GMT" time="0.015" errors="0">
  <testcase name="test2" time="0.003" classname="com.tis.Test1"/>
  <testcase name="test1" time="0.012" classname="com.tis.Test1"/>
</testsuite> <!-- com.tis.Test1 -->
